<?xml version="1.0" encoding="UTF-8"?>
<testng-results skipped="0" failed="0" ignored="0" total="2" passed="2">
  <reporter-output>
  </reporter-output>
  <suite name="org.test.testngtest.AppTest" duration-ms="23550" started-at="2021-10-13T10:24:33Z" finished-at="2021-10-13T10:24:57Z">
    <groups>
    </groups>
    <test name="Command line test" duration-ms="23550" started-at="2021-10-13T10:24:33Z" finished-at="2021-10-13T10:24:57Z">
      <class name="org.test.testngtest.AppTest">
        <test-method status="PASS" signature="beforeTestExe()[pri:0, instance:org.test.testngtest.AppTest@6cd8737]" name="beforeTestExe" is-config="true" duration-ms="10644" started-at="2021-10-13T10:24:33Z" finished-at="2021-10-13T10:24:44Z">
          <reporter-output>
          </reporter-output>
        </test-method> <!-- beforeTestExe -->
        <test-method status="PASS" signature="testcase1()[pri:1, instance:org.test.testngtest.AppTest@6cd8737]" name="testcase1" duration-ms="2690" started-at="2021-10-13T10:24:44Z" finished-at="2021-10-13T10:24:47Z">
          <reporter-output>
          </reporter-output>
        </test-method> <!-- testcase1 -->
        <test-method status="PASS" signature="afterTestExe()[pri:0, instance:org.test.testngtest.AppTest@6cd8737]" name="afterTestExe" is-config="true" duration-ms="671" started-at="2021-10-13T10:24:47Z" finished-at="2021-10-13T10:24:47Z">
          <reporter-output>
          </reporter-output>
        </test-method> <!-- afterTestExe -->
        <test-method status="PASS" signature="beforeTestExe()[pri:0, instance:org.test.testngtest.AppTest@6cd8737]" name="beforeTestExe" is-config="true" duration-ms="6317" started-at="2021-10-13T10:24:47Z" finished-at="2021-10-13T10:24:54Z">
          <reporter-output>
          </reporter-output>
        </test-method> <!-- beforeTestExe -->
        <test-method status="PASS" signature="testcase2()[pri:2, instance:org.test.testngtest.AppTest@6cd8737]" name="testcase2" duration-ms="2444" started-at="2021-10-13T10:24:54Z" finished-at="2021-10-13T10:24:56Z">
          <reporter-output>
          </reporter-output>
        </test-method> <!-- testcase2 -->
        <test-method status="PASS" signature="afterTestExe()[pri:0, instance:org.test.testngtest.AppTest@6cd8737]" name="afterTestExe" is-config="true" duration-ms="755" started-at="2021-10-13T10:24:56Z" finished-at="2021-10-13T10:24:57Z">
          <reporter-output>
          </reporter-output>
        </test-method> <!-- afterTestExe -->
      </class> <!-- org.test.testngtest.AppTest -->
    </test> <!-- Command line test -->
  </suite> <!-- org.test.testngtest.AppTest -->
</testng-results>
